2025-10-27 14:07:41.491 [info] [main] Log level: Info
2025-10-27 14:07:41.491 [info] [main] Validating found git in: "git"
2025-10-27 14:07:41.491 [info] [main] Using git "2.43.0" from "git"
2025-10-27 14:07:41.491 [info] [Model][doInitialScan] Initial repository scan started
2025-10-27 14:07:41.491 [info] > git rev-parse --show-toplevel [481ms]
2025-10-27 14:07:41.491 [info] fatal: not a git repository (or any parent up to mount point /)
Stopping at filesystem boundary (GIT_DISCOVERY_ACROSS_FILESYSTEM not set).
2025-10-27 14:07:41.604 [info] > git rev-parse --show-toplevel [47ms]
2025-10-27 14:07:41.604 [info] fatal: not a git repository (or any parent up to mount point /)
Stopping at filesystem boundary (GIT_DISCOVERY_ACROSS_FILESYSTEM not set).
2025-10-27 14:07:41.801 [info] > git rev-parse --show-toplevel [174ms]
2025-10-27 14:07:41.801 [info] fatal: not a git repository (or any parent up to mount point /)
Stopping at filesystem boundary (GIT_DISCOVERY_ACROSS_FILESYSTEM not set).
2025-10-27 14:07:41.843 [info] > git rev-parse --show-toplevel [2ms]
2025-10-27 14:07:41.843 [info] fatal: not a git repository (or any parent up to mount point /)
Stopping at filesystem boundary (GIT_DISCOVERY_ACROSS_FILESYSTEM not set).
2025-10-27 14:07:41.852 [info] > git rev-parse --show-toplevel [3ms]
2025-10-27 14:07:41.852 [info] fatal: not a git repository (or any parent up to mount point /)
Stopping at filesystem boundary (GIT_DISCOVERY_ACROSS_FILESYSTEM not set).
2025-10-27 14:07:41.864 [info] > git rev-parse --show-toplevel [7ms]
2025-10-27 14:07:41.864 [info] fatal: not a git repository (or any parent up to mount point /)
Stopping at filesystem boundary (GIT_DISCOVERY_ACROSS_FILESYSTEM not set).
2025-10-27 14:07:41.885 [info] > git rev-parse --show-toplevel [15ms]
2025-10-27 14:07:41.885 [info] fatal: not a git repository (or any parent up to mount point /)
Stopping at filesystem boundary (GIT_DISCOVERY_ACROSS_FILESYSTEM not set).
2025-10-27 14:07:41.906 [info] > git rev-parse --show-toplevel [9ms]
2025-10-27 14:07:41.906 [info] fatal: not a git repository (or any parent up to mount point /)
Stopping at filesystem boundary (GIT_DISCOVERY_ACROSS_FILESYSTEM not set).
2025-10-27 14:07:41.920 [info] > git rev-parse --show-toplevel [2ms]
2025-10-27 14:07:41.920 [info] fatal: not a git repository (or any parent up to mount point /)
Stopping at filesystem boundary (GIT_DISCOVERY_ACROSS_FILESYSTEM not set).
2025-10-27 14:07:41.936 [info] > git rev-parse --show-toplevel [2ms]
2025-10-27 14:07:41.937 [info] fatal: not a git repository (or any parent up to mount point /)
Stopping at filesystem boundary (GIT_DISCOVERY_ACROSS_FILESYSTEM not set).
2025-10-27 14:07:41.950 [info] > git rev-parse --show-toplevel [2ms]
2025-10-27 14:07:41.950 [info] fatal: not a git repository (or any parent up to mount point /)
Stopping at filesystem boundary (GIT_DISCOVERY_ACROSS_FILESYSTEM not set).
2025-10-27 14:07:41.961 [info] > git rev-parse --show-toplevel [1ms]
2025-10-27 14:07:41.961 [info] fatal: not a git repository (or any parent up to mount point /)
Stopping at filesystem boundary (GIT_DISCOVERY_ACROSS_FILESYSTEM not set).
2025-10-27 14:07:41.974 [info] > git rev-parse --show-toplevel [2ms]
2025-10-27 14:07:41.974 [info] fatal: not a git repository (or any parent up to mount point /)
Stopping at filesystem boundary (GIT_DISCOVERY_ACROSS_FILESYSTEM not set).
2025-10-27 14:07:41.987 [info] > git rev-parse --show-toplevel [1ms]
2025-10-27 14:07:41.987 [info] fatal: not a git repository (or any parent up to mount point /)
Stopping at filesystem boundary (GIT_DISCOVERY_ACROSS_FILESYSTEM not set).
2025-10-27 14:07:42.017 [info] > git rev-parse --show-toplevel [19ms]
2025-10-27 14:07:42.017 [info] fatal: not a git repository (or any parent up to mount point /)
Stopping at filesystem boundary (GIT_DISCOVERY_ACROSS_FILESYSTEM not set).
2025-10-27 14:07:42.031 [info] > git rev-parse --show-toplevel [6ms]
2025-10-27 14:07:42.031 [info] fatal: not a git repository (or any parent up to mount point /)
Stopping at filesystem boundary (GIT_DISCOVERY_ACROSS_FILESYSTEM not set).
2025-10-27 14:07:42.053 [info] > git rev-parse --show-toplevel [5ms]
2025-10-27 14:07:42.053 [info] fatal: not a git repository (or any parent up to mount point /)
Stopping at filesystem boundary (GIT_DISCOVERY_ACROSS_FILESYSTEM not set).
2025-10-27 14:07:42.063 [info] > git rev-parse --show-toplevel [2ms]
2025-10-27 14:07:42.063 [info] fatal: not a git repository (or any parent up to mount point /)
Stopping at filesystem boundary (GIT_DISCOVERY_ACROSS_FILESYSTEM not set).
2025-10-27 14:07:42.075 [info] > git rev-parse --show-toplevel [2ms]
2025-10-27 14:07:42.075 [info] fatal: not a git repository (or any parent up to mount point /)
Stopping at filesystem boundary (GIT_DISCOVERY_ACROSS_FILESYSTEM not set).
2025-10-27 14:07:42.094 [info] > git rev-parse --show-toplevel [6ms]
2025-10-27 14:07:42.094 [info] fatal: not a git repository (or any parent up to mount point /)
Stopping at filesystem boundary (GIT_DISCOVERY_ACROSS_FILESYSTEM not set).
2025-10-27 14:07:42.105 [info] > git rev-parse --show-toplevel [2ms]
2025-10-27 14:07:42.105 [info] fatal: not a git repository (or any parent up to mount point /)
Stopping at filesystem boundary (GIT_DISCOVERY_ACROSS_FILESYSTEM not set).
2025-10-27 14:07:42.113 [info] > git rev-parse --show-toplevel [1ms]
2025-10-27 14:07:42.113 [info] fatal: not a git repository (or any parent up to mount point /)
Stopping at filesystem boundary (GIT_DISCOVERY_ACROSS_FILESYSTEM not set).
2025-10-27 14:07:42.122 [info] > git rev-parse --show-toplevel [2ms]
2025-10-27 14:07:42.122 [info] fatal: not a git repository (or any parent up to mount point /)
Stopping at filesystem boundary (GIT_DISCOVERY_ACROSS_FILESYSTEM not set).
2025-10-27 14:07:42.130 [info] > git rev-parse --show-toplevel [1ms]
2025-10-27 14:07:42.130 [info] fatal: not a git repository (or any parent up to mount point /)
Stopping at filesystem boundary (GIT_DISCOVERY_ACROSS_FILESYSTEM not set).
2025-10-27 14:07:42.139 [info] > git rev-parse --show-toplevel [2ms]
2025-10-27 14:07:42.139 [info] fatal: not a git repository (or any parent up to mount point /)
Stopping at filesystem boundary (GIT_DISCOVERY_ACROSS_FILESYSTEM not set).
2025-10-27 14:07:42.147 [info] > git rev-parse --show-toplevel [2ms]
2025-10-27 14:07:42.148 [info] fatal: not a git repository (or any parent up to mount point /)
Stopping at filesystem boundary (GIT_DISCOVERY_ACROSS_FILESYSTEM not set).
2025-10-27 14:07:42.156 [info] > git rev-parse --show-toplevel [2ms]
2025-10-27 14:07:42.156 [info] fatal: not a git repository (or any parent up to mount point /)
Stopping at filesystem boundary (GIT_DISCOVERY_ACROSS_FILESYSTEM not set).
2025-10-27 14:07:42.157 [info] [Model][doInitialScan] Initial repository scan completed - repositories (0), closed repositories (0), parent repositories (0), unsafe repositories (0)
2025-10-27 14:07:44.484 [info] > git rev-parse --show-toplevel [5ms]
2025-10-27 14:07:44.484 [info] fatal: not a git repository (or any parent up to mount point /)
Stopping at filesystem boundary (GIT_DISCOVERY_ACROSS_FILESYSTEM not set).
