0 verbose cli /usr/local/nvm/versions/node/v22.20.0/bin/node /usr/local/nvm/versions/node/v22.20.0/bin/npm
1 info using npm@11.6.2
2 info using node@v22.20.0
3 silly config load:file:/usr/local/nvm/versions/node/v22.20.0/lib/node_modules/npm/npmrc
4 silly config load:file:/home/devopsclasses1990/k8/frontend/.npmrc
5 silly config load:file:/home/devopsclasses1990/.npmrc
6 silly config load:file:/usr/local/nvm/versions/node/v22.20.0/etc/npmrc
7 verbose title npm install @vitejs/plugin-react
8 verbose argv "install" "--save-dev" "@vitejs/plugin-react"
9 verbose logfile logs-max:10 dir:/home/devopsclasses1990/.npm/_logs/2025-10-24T15_33_15_158Z-
10 verbose logfile /home/devopsclasses1990/.npm/_logs/2025-10-24T15_33_15_158Z-debug-0.log
11 silly logfile start cleaning logs, removing 1 files
12 silly packumentCache heap:2197815296 maxSize:549453824 maxEntrySize:274726912
13 silly logfile done cleaning log files
14 warn idealTree Removing dependencies.@vitejs/plugin-react in favor of devDependencies.@vitejs/plugin-react
15 silly idealTree buildDeps
16 silly fetch manifest @vitejs/plugin-react@*
17 silly packumentCache full:https://registry.npmjs.org/@vitejs%2fplugin-react cache-miss
18 http cache https://registry.npmjs.org/@vitejs%2fplugin-react 49ms (cache hit)
19 silly packumentCache full:https://registry.npmjs.org/@vitejs%2fplugin-react set size:239462 disposed:false
20 silly fetch manifest vite@^4.5.0
21 silly packumentCache full:https://registry.npmjs.org/vite cache-miss
22 http cache https://registry.npmjs.org/vite 116ms (cache hit)
23 silly packumentCache full:https://registry.npmjs.org/vite set size:38581214 disposed:false
24 silly fetch manifest @types/node@>= 14
25 silly packumentCache full:https://registry.npmjs.org/@types%2fnode cache-miss
26 http cache https://registry.npmjs.org/@types%2fnode 37ms (cache hit)
27 silly packumentCache full:https://registry.npmjs.org/@types%2fnode set size:10665074 disposed:false
28 silly fetch manifest less@*
29 silly packumentCache full:https://registry.npmjs.org/less cache-miss
30 http cache https://registry.npmjs.org/less 7ms (cache hit)
31 silly packumentCache full:https://registry.npmjs.org/less set size:425893 disposed:false
32 silly fetch manifest lightningcss@^1.21.0
33 silly packumentCache full:https://registry.npmjs.org/lightningcss cache-miss
34 http cache https://registry.npmjs.org/lightningcss 7ms (cache hit)
35 silly packumentCache full:https://registry.npmjs.org/lightningcss set size:173815 disposed:false
36 silly fetch manifest sass@*
37 silly packumentCache full:https://registry.npmjs.org/sass cache-miss
38 http cache https://registry.npmjs.org/sass 7ms (cache hit)
39 silly packumentCache full:https://registry.npmjs.org/sass set size:697197 disposed:false
40 silly fetch manifest stylus@*
41 silly packumentCache full:https://registry.npmjs.org/stylus cache-miss
42 http cache https://registry.npmjs.org/stylus 6ms (cache hit)
43 silly packumentCache full:https://registry.npmjs.org/stylus set size:286766 disposed:false
44 silly fetch manifest sugarss@*
45 silly packumentCache full:https://registry.npmjs.org/sugarss cache-miss
46 http cache https://registry.npmjs.org/sugarss 5ms (cache hit)
47 silly packumentCache full:https://registry.npmjs.org/sugarss set size:44975 disposed:false
48 silly fetch manifest postcss@^8.3.3
49 silly packumentCache full:https://registry.npmjs.org/postcss cache-miss
50 http cache https://registry.npmjs.org/postcss 54ms (cache hit)
51 silly packumentCache full:https://registry.npmjs.org/postcss set size:696248 disposed:false
52 silly fetch manifest terser@^5.4.0
53 silly packumentCache full:https://registry.npmjs.org/terser cache-miss
54 http cache https://registry.npmjs.org/terser 10ms (cache hit)
55 silly packumentCache full:https://registry.npmjs.org/terser set size:776798 disposed:false
56 silly placeDep ROOT @vitejs/plugin-react@5.1.0 REPLACE for: frontend@1.0.0 want: *
57 silly reify moves {}
58 silly audit bulk request {
58 silly audit   '@babel/code-frame': [ '7.27.1' ],
58 silly audit   '@babel/compat-data': [ '7.28.5' ],
58 silly audit   '@babel/core': [ '7.28.5' ],
58 silly audit   '@babel/generator': [ '7.28.5' ],
58 silly audit   '@babel/helper-compilation-targets': [ '7.27.2' ],
58 silly audit   '@babel/helper-globals': [ '7.28.0' ],
58 silly audit   '@babel/helper-module-imports': [ '7.27.1' ],
58 silly audit   '@babel/helper-module-transforms': [ '7.28.3' ],
58 silly audit   '@babel/helper-plugin-utils': [ '7.27.1' ],
58 silly audit   '@babel/helper-string-parser': [ '7.27.1' ],
58 silly audit   '@babel/helper-validator-identifier': [ '7.28.5' ],
58 silly audit   '@babel/helper-validator-option': [ '7.27.1' ],
58 silly audit   '@babel/helpers': [ '7.28.4' ],
58 silly audit   '@babel/parser': [ '7.28.5' ],
58 silly audit   '@babel/plugin-transform-react-jsx-self': [ '7.27.1' ],
58 silly audit   '@babel/plugin-transform-react-jsx-source': [ '7.27.1' ],
58 silly audit   '@babel/template': [ '7.27.2' ],
58 silly audit   '@babel/traverse': [ '7.28.5' ],
58 silly audit   '@babel/types': [ '7.28.5' ],
58 silly audit   '@esbuild/android-arm': [ '0.18.20' ],
58 silly audit   '@esbuild/android-arm64': [ '0.18.20' ],
58 silly audit   '@esbuild/android-x64': [ '0.18.20' ],
58 silly audit   '@esbuild/darwin-arm64': [ '0.18.20' ],
58 silly audit   '@esbuild/darwin-x64': [ '0.18.20' ],
58 silly audit   '@esbuild/freebsd-arm64': [ '0.18.20' ],
58 silly audit   '@esbuild/freebsd-x64': [ '0.18.20' ],
58 silly audit   '@esbuild/linux-arm': [ '0.18.20' ],
58 silly audit   '@esbuild/linux-arm64': [ '0.18.20' ],
58 silly audit   '@esbuild/linux-ia32': [ '0.18.20' ],
58 silly audit   '@esbuild/linux-loong64': [ '0.18.20' ],
58 silly audit   '@esbuild/linux-mips64el': [ '0.18.20' ],
58 silly audit   '@esbuild/linux-ppc64': [ '0.18.20' ],
58 silly audit   '@esbuild/linux-riscv64': [ '0.18.20' ],
58 silly audit   '@esbuild/linux-s390x': [ '0.18.20' ],
58 silly audit   '@esbuild/linux-x64': [ '0.18.20' ],
58 silly audit   '@esbuild/netbsd-x64': [ '0.18.20' ],
58 silly audit   '@esbuild/openbsd-x64': [ '0.18.20' ],
58 silly audit   '@esbuild/sunos-x64': [ '0.18.20' ],
58 silly audit   '@esbuild/win32-arm64': [ '0.18.20' ],
58 silly audit   '@esbuild/win32-ia32': [ '0.18.20' ],
58 silly audit   '@esbuild/win32-x64': [ '0.18.20' ],
58 silly audit   '@jridgewell/gen-mapping': [ '0.3.13' ],
58 silly audit   '@jridgewell/remapping': [ '2.3.5' ],
58 silly audit   '@jridgewell/resolve-uri': [ '3.1.2' ],
58 silly audit   '@jridgewell/sourcemap-codec': [ '1.5.5' ],
58 silly audit   '@jridgewell/trace-mapping': [ '0.3.31' ],
58 silly audit   '@rolldown/pluginutils': [ '1.0.0-beta.43' ],
58 silly audit   '@types/babel__core': [ '7.20.5' ],
58 silly audit   '@types/babel__generator': [ '7.27.0' ],
58 silly audit   '@types/babel__template': [ '7.4.4' ],
58 silly audit   '@types/babel__traverse': [ '7.28.0' ],
58 silly audit   'baseline-browser-mapping': [ '2.8.20' ],
58 silly audit   browserslist: [ '4.27.0' ],
58 silly audit   'caniuse-lite': [ '1.0.30001751' ],
58 silly audit   'convert-source-map': [ '2.0.0' ],
58 silly audit   debug: [ '4.4.3' ],
58 silly audit   'electron-to-chromium': [ '1.5.240' ],
58 silly audit   esbuild: [ '0.18.20' ],
58 silly audit   escalade: [ '3.2.0' ],
58 silly audit   fsevents: [ '2.3.3' ],
58 silly audit   gensync: [ '1.0.0-beta.2' ],
58 silly audit   'js-tokens': [ '4.0.0' ],
58 silly audit   jsesc: [ '3.1.0' ],
58 silly audit   json5: [ '2.2.3' ],
58 silly audit   'loose-envify': [ '1.4.0' ],
58 silly audit   'lru-cache': [ '5.1.1' ],
58 silly audit   ms: [ '2.1.3' ],
58 silly audit   nanoid: [ '3.3.11' ],
58 silly audit   'node-releases': [ '2.0.26' ],
58 silly audit   picocolors: [ '1.1.1' ],
58 silly audit   postcss: [ '8.5.6' ],
58 silly audit   react: [ '18.3.1' ],
58 silly audit   'react-dom': [ '18.3.1' ],
58 silly audit   'react-refresh': [ '0.18.0' ],
58 silly audit   rollup: [ '3.29.5' ],
58 silly audit   scheduler: [ '0.23.2' ],
58 silly audit   semver: [ '6.3.1' ],
58 silly audit   'source-map-js': [ '1.2.1' ],
58 silly audit   'update-browserslist-db': [ '1.1.4' ],
58 silly audit   vite: [ '4.5.14' ],
58 silly audit   yallist: [ '3.1.1' ],
58 silly audit   '@vitejs/plugin-react': [ '5.1.0' ]
58 silly audit }
59 http fetch POST 200 https://registry.npmjs.org/-/npm/v1/security/advisories/bulk 382ms
60 silly audit report {
60 silly audit report   esbuild: [
60 silly audit report     {
60 silly audit report       id: 1102341,
60 silly audit report       url: 'https://github.com/advisories/GHSA-67mh-4wv8-2f99',
60 silly audit report       title: 'esbuild enables any website to send any requests to the development server and read the response',
60 silly audit report       severity: 'moderate',
60 silly audit report       vulnerable_versions: '<=0.24.2',
60 silly audit report       cwe: [Array],
60 silly audit report       cvss: [Object]
60 silly audit report     }
60 silly audit report   ],
60 silly audit report   vite: [
60 silly audit report     {
60 silly audit report       id: 1107323,
60 silly audit report       url: 'https://github.com/advisories/GHSA-g4jq-h2w9-997c',
60 silly audit report       title: 'Vite middleware may serve files starting with the same name with the public directory',
60 silly audit report       severity: 'low',
60 silly audit report       vulnerable_versions: '<=5.4.19',
60 silly audit report       cwe: [Array],
60 silly audit report       cvss: [Object]
60 silly audit report     },
60 silly audit report     {
60 silly audit report       id: 1107327,
60 silly audit report       url: 'https://github.com/advisories/GHSA-jqfw-vq24-v9c3',
60 silly audit report       title: "Vite's `server.fs` settings were not applied to HTML files",
60 silly audit report       severity: 'low',
60 silly audit report       vulnerable_versions: '<=5.4.19',
60 silly audit report       cwe: [Array],
60 silly audit report       cvss: [Object]
60 silly audit report     },
60 silly audit report     {
60 silly audit report       id: 1109132,
60 silly audit report       url: 'https://github.com/advisories/GHSA-93m4-6634-74q7',
60 silly audit report       title: 'vite allows server.fs.deny bypass via backslash on Windows',
60 silly audit report       severity: 'moderate',
60 silly audit report       vulnerable_versions: '>=4.5.3 <5.0.0',
60 silly audit report       cwe: [Array],
60 silly audit report       cvss: [Object]
60 silly audit report     }
60 silly audit report   ]
60 silly audit report }
61 silly packumentCache corgi:https://registry.npmjs.org/esbuild cache-miss
62 silly packumentCache corgi:https://registry.npmjs.org/vite cache-miss
63 http fetch GET 200 https://registry.npmjs.org/esbuild 100ms (cache miss)
64 silly packumentCache corgi:https://registry.npmjs.org/esbuild set size:undefined disposed:false
65 http fetch GET 200 https://registry.npmjs.org/vite 156ms (cache miss)
66 silly packumentCache corgi:https://registry.npmjs.org/vite set size:undefined disposed:false
67 silly packumentCache corgi:https://registry.npmjs.org/@vitejs%2fplugin-react cache-miss
68 http fetch GET 200 https://registry.npmjs.org/@vitejs%2fplugin-react 75ms (cache miss)
69 silly packumentCache corgi:https://registry.npmjs.org/@vitejs%2fplugin-react set size:undefined disposed:false
70 verbose cwd /home/devopsclasses1990/k8/frontend
71 verbose os Linux 6.6.105+
72 verbose node v22.20.0
73 verbose npm  v11.6.2
74 verbose exit 0
75 info ok
