2025-10-26 06:11:40.617 [info] [main] Log level: Info
2025-10-26 06:11:40.617 [info] [main] Validating found git in: "git"
2025-10-26 06:11:40.617 [info] [main] Using git "2.43.0" from "git"
2025-10-26 06:11:40.617 [info] [Model][doInitialScan] Initial repository scan started
2025-10-26 06:11:40.617 [info] > git rev-parse --show-toplevel [9ms]
2025-10-26 06:11:40.617 [info] fatal: not a git repository (or any parent up to mount point /)
Stopping at filesystem boundary (GIT_DISCOVERY_ACROSS_FILESYSTEM not set).
2025-10-26 06:11:40.633 [info] > git rev-parse --show-toplevel [2ms]
2025-10-26 06:11:40.633 [info] fatal: not a git repository (or any parent up to mount point /)
Stopping at filesystem boundary (GIT_DISCOVERY_ACROSS_FILESYSTEM not set).
2025-10-26 06:11:40.643 [info] > git rev-parse --show-toplevel [2ms]
2025-10-26 06:11:40.643 [info] fatal: not a git repository (or any parent up to mount point /)
Stopping at filesystem boundary (GIT_DISCOVERY_ACROSS_FILESYSTEM not set).
2025-10-26 06:11:40.651 [info] > git rev-parse --show-toplevel [2ms]
2025-10-26 06:11:40.651 [info] fatal: not a git repository (or any parent up to mount point /)
Stopping at filesystem boundary (GIT_DISCOVERY_ACROSS_FILESYSTEM not set).
2025-10-26 06:11:40.659 [info] > git rev-parse --show-toplevel [2ms]
2025-10-26 06:11:40.659 [info] fatal: not a git repository (or any parent up to mount point /)
Stopping at filesystem boundary (GIT_DISCOVERY_ACROSS_FILESYSTEM not set).
2025-10-26 06:11:40.668 [info] > git rev-parse --show-toplevel [2ms]
2025-10-26 06:11:40.668 [info] fatal: not a git repository (or any parent up to mount point /)
Stopping at filesystem boundary (GIT_DISCOVERY_ACROSS_FILESYSTEM not set).
2025-10-26 06:11:40.676 [info] > git rev-parse --show-toplevel [1ms]
2025-10-26 06:11:40.676 [info] fatal: not a git repository (or any parent up to mount point /)
Stopping at filesystem boundary (GIT_DISCOVERY_ACROSS_FILESYSTEM not set).
2025-10-26 06:11:40.683 [info] > git rev-parse --show-toplevel [2ms]
2025-10-26 06:11:40.683 [info] fatal: not a git repository (or any parent up to mount point /)
Stopping at filesystem boundary (GIT_DISCOVERY_ACROSS_FILESYSTEM not set).
2025-10-26 06:11:40.692 [info] > git rev-parse --show-toplevel [2ms]
2025-10-26 06:11:40.692 [info] fatal: not a git repository (or any parent up to mount point /)
Stopping at filesystem boundary (GIT_DISCOVERY_ACROSS_FILESYSTEM not set).
2025-10-26 06:11:40.710 [info] > git rev-parse --show-toplevel [2ms]
2025-10-26 06:11:40.711 [info] fatal: not a git repository (or any parent up to mount point /)
Stopping at filesystem boundary (GIT_DISCOVERY_ACROSS_FILESYSTEM not set).
2025-10-26 06:11:40.718 [info] > git rev-parse --show-toplevel [2ms]
2025-10-26 06:11:40.718 [info] fatal: not a git repository (or any parent up to mount point /)
Stopping at filesystem boundary (GIT_DISCOVERY_ACROSS_FILESYSTEM not set).
2025-10-26 06:11:40.725 [info] > git rev-parse --show-toplevel [1ms]
2025-10-26 06:11:40.726 [info] fatal: not a git repository (or any parent up to mount point /)
Stopping at filesystem boundary (GIT_DISCOVERY_ACROSS_FILESYSTEM not set).
2025-10-26 06:11:40.734 [info] > git rev-parse --show-toplevel [2ms]
2025-10-26 06:11:40.734 [info] fatal: not a git repository (or any parent up to mount point /)
Stopping at filesystem boundary (GIT_DISCOVERY_ACROSS_FILESYSTEM not set).
2025-10-26 06:11:40.742 [info] > git rev-parse --show-toplevel [1ms]
2025-10-26 06:11:40.742 [info] fatal: not a git repository (or any parent up to mount point /)
Stopping at filesystem boundary (GIT_DISCOVERY_ACROSS_FILESYSTEM not set).
2025-10-26 06:11:40.749 [info] > git rev-parse --show-toplevel [2ms]
2025-10-26 06:11:40.749 [info] fatal: not a git repository (or any parent up to mount point /)
Stopping at filesystem boundary (GIT_DISCOVERY_ACROSS_FILESYSTEM not set).
2025-10-26 06:11:40.757 [info] > git rev-parse --show-toplevel [1ms]
2025-10-26 06:11:40.757 [info] fatal: not a git repository (or any parent up to mount point /)
Stopping at filesystem boundary (GIT_DISCOVERY_ACROSS_FILESYSTEM not set).
2025-10-26 06:11:40.764 [info] > git rev-parse --show-toplevel [2ms]
2025-10-26 06:11:40.764 [info] fatal: not a git repository (or any parent up to mount point /)
Stopping at filesystem boundary (GIT_DISCOVERY_ACROSS_FILESYSTEM not set).
2025-10-26 06:11:40.771 [info] > git rev-parse --show-toplevel [1ms]
2025-10-26 06:11:40.771 [info] fatal: not a git repository (or any parent up to mount point /)
Stopping at filesystem boundary (GIT_DISCOVERY_ACROSS_FILESYSTEM not set).
2025-10-26 06:11:41.004 [info] > git rev-parse --show-toplevel [227ms]
2025-10-26 06:11:41.004 [info] fatal: not a git repository (or any parent up to mount point /)
Stopping at filesystem boundary (GIT_DISCOVERY_ACROSS_FILESYSTEM not set).
2025-10-26 06:11:43.353 [info] > git rev-parse --show-toplevel [2341ms]
2025-10-26 06:11:43.353 [info] fatal: not a git repository (or any parent up to mount point /)
Stopping at filesystem boundary (GIT_DISCOVERY_ACROSS_FILESYSTEM not set).
2025-10-26 06:11:43.736 [info] > git rev-parse --show-toplevel [131ms]
2025-10-26 06:11:43.736 [info] fatal: not a git repository (or any parent up to mount point /)
Stopping at filesystem boundary (GIT_DISCOVERY_ACROSS_FILESYSTEM not set).
2025-10-26 06:11:43.761 [info] > git rev-parse --show-toplevel [8ms]
2025-10-26 06:11:43.761 [info] fatal: not a git repository (or any parent up to mount point /)
Stopping at filesystem boundary (GIT_DISCOVERY_ACROSS_FILESYSTEM not set).
2025-10-26 06:11:43.816 [info] > git rev-parse --show-toplevel [35ms]
2025-10-26 06:11:43.816 [info] fatal: not a git repository (or any parent up to mount point /)
Stopping at filesystem boundary (GIT_DISCOVERY_ACROSS_FILESYSTEM not set).
2025-10-26 06:11:43.952 [info] > git rev-parse --show-toplevel [105ms]
2025-10-26 06:11:43.952 [info] fatal: not a git repository (or any parent up to mount point /)
Stopping at filesystem boundary (GIT_DISCOVERY_ACROSS_FILESYSTEM not set).
2025-10-26 06:11:43.953 [info] [Model][doInitialScan] Initial repository scan completed - repositories (0), closed repositories (0), parent repositories (0), unsafe repositories (0)
